INFO:ode:Model: Deterministic-Linear ODE, Samples: 10, Domain: Two Cell
INFO:ode: - 9.4725s: Finished simulation 0
INFO:ode: - 9.4979s: Finished simulation 1
INFO:ode: - 9.5231s: Finished simulation 2
INFO:ode: - 9.5481s: Finished simulation 3
INFO:ode: - 9.5732s: Finished simulation 4
INFO:ode: - 9.5994s: Finished simulation 5
INFO:ode: - 9.6252s: Finished simulation 6
INFO:ode: - 9.6519s: Finished simulation 7
INFO:ode: - 9.6769s: Finished simulation 8
INFO:ode: - 9.7017s: Finished simulation 9
INFO:ode:Finished in 9.7114s
INFO:ode:Model: Deterministic-Random ODE, Samples: 10, Domain: Two Cell
INFO:ode: - 0.0254s: Finished simulation 0
INFO:ode: - 0.0507s: Finished simulation 1
INFO:ode: - 0.0753s: Finished simulation 2
INFO:ode: - 0.1000s: Finished simulation 3
INFO:ode: - 0.1253s: Finished simulation 4
INFO:ode: - 0.1523s: Finished simulation 5
INFO:ode: - 0.1792s: Finished simulation 6
INFO:ode: - 0.2055s: Finished simulation 7
INFO:ode: - 0.2310s: Finished simulation 8
INFO:ode: - 0.2566s: Finished simulation 9
INFO:ode:Finished in 0.2640s
INFO:ode:Model: Stochastic ODE, Samples: 10, Domain: Two Cell
INFO:ode: - 0.0279s: Finished simulation 0
INFO:ode: - 0.0549s: Finished simulation 1
INFO:ode: - 0.0826s: Finished simulation 2
INFO:ode: - 0.1102s: Finished simulation 3
INFO:ode: - 0.1383s: Finished simulation 4
INFO:ode: - 0.1665s: Finished simulation 5
INFO:ode: - 0.1952s: Finished simulation 6
INFO:ode: - 0.2227s: Finished simulation 7
INFO:ode: - 0.2499s: Finished simulation 8
INFO:ode: - 0.2770s: Finished simulation 9
INFO:ode:Finished in 0.2843s
INFO:gillespie:Model: Gillespie, Samples: 10, Domain: Two Cell
INFO:gillespie: - 2.9114s: Finished simulation 0
INFO:gillespie: - 3.0807s: Finished simulation 1
INFO:gillespie: - 3.2499s: Finished simulation 2
INFO:gillespie: - 3.4183s: Finished simulation 3
INFO:gillespie: - 3.5808s: Finished simulation 4
INFO:gillespie: - 3.7428s: Finished simulation 5
INFO:gillespie: - 3.9050s: Finished simulation 6
INFO:gillespie: - 4.0635s: Finished simulation 7
INFO:gillespie: - 4.2237s: Finished simulation 8
INFO:gillespie: - 4.3841s: Finished simulation 9
INFO:gillespie:Finished in 4.3901s
INFO:ode:Model: Deterministic-Linear ODE, Samples: 50, Domain: Two Cell
INFO:ode: - 0.0255s: Finished simulation 0
INFO:ode: - 0.0515s: Finished simulation 1
INFO:ode: - 0.0769s: Finished simulation 2
INFO:ode: - 0.1026s: Finished simulation 3
INFO:ode: - 0.1279s: Finished simulation 4
INFO:ode: - 0.1532s: Finished simulation 5
INFO:ode: - 0.1791s: Finished simulation 6
INFO:ode: - 0.2041s: Finished simulation 7
INFO:ode: - 0.2294s: Finished simulation 8
INFO:ode: - 0.2548s: Finished simulation 9
INFO:ode: - 0.2797s: Finished simulation 10
INFO:ode: - 0.3045s: Finished simulation 11
INFO:ode: - 0.3299s: Finished simulation 12
INFO:ode: - 0.3550s: Finished simulation 13
INFO:ode: - 0.3801s: Finished simulation 14
INFO:ode: - 0.4049s: Finished simulation 15
INFO:ode: - 0.4302s: Finished simulation 16
INFO:ode: - 0.4554s: Finished simulation 17
INFO:ode: - 0.4804s: Finished simulation 18
INFO:ode: - 0.5053s: Finished simulation 19
INFO:ode: - 0.5383s: Finished simulation 20
INFO:ode: - 0.5633s: Finished simulation 21
INFO:ode: - 0.5883s: Finished simulation 22
INFO:ode: - 0.6132s: Finished simulation 23
INFO:ode: - 0.6384s: Finished simulation 24
INFO:ode: - 0.6636s: Finished simulation 25
INFO:ode: - 0.6885s: Finished simulation 26
INFO:ode: - 0.7155s: Finished simulation 27
INFO:ode: - 0.7412s: Finished simulation 28
INFO:ode: - 0.7664s: Finished simulation 29
INFO:ode: - 0.7922s: Finished simulation 30
INFO:ode: - 0.8187s: Finished simulation 31
INFO:ode: - 0.8450s: Finished simulation 32
INFO:ode: - 0.8707s: Finished simulation 33
INFO:ode: - 0.8963s: Finished simulation 34
INFO:ode: - 0.9224s: Finished simulation 35
INFO:ode: - 0.9473s: Finished simulation 36
INFO:ode: - 0.9724s: Finished simulation 37
INFO:ode: - 0.9975s: Finished simulation 38
INFO:ode: - 1.0265s: Finished simulation 39
INFO:ode: - 1.0515s: Finished simulation 40
INFO:ode: - 1.0765s: Finished simulation 41
INFO:ode: - 1.1013s: Finished simulation 42
INFO:ode: - 1.1265s: Finished simulation 43
INFO:ode: - 1.1519s: Finished simulation 44
INFO:ode: - 1.1770s: Finished simulation 45
INFO:ode: - 1.2019s: Finished simulation 46
INFO:ode: - 1.2272s: Finished simulation 47
INFO:ode: - 1.2521s: Finished simulation 48
INFO:ode: - 1.2769s: Finished simulation 49
INFO:ode:Finished in 1.3008s
INFO:ode:Model: Stochastic ODE, Samples: 500, Domain: Two Cell
INFO:ode: - 0.0288s: Finished simulation 0
INFO:ode: - 0.0565s: Finished simulation 1
INFO:ode: - 0.0856s: Finished simulation 2
INFO:ode: - 0.1140s: Finished simulation 3
INFO:ode: - 0.1412s: Finished simulation 4
INFO:ode: - 0.1683s: Finished simulation 5
INFO:ode: - 0.1955s: Finished simulation 6
INFO:ode: - 0.2229s: Finished simulation 7
INFO:ode: - 0.2499s: Finished simulation 8
INFO:ode: - 0.2770s: Finished simulation 9
INFO:ode: - 0.3040s: Finished simulation 10
INFO:ode: - 0.3311s: Finished simulation 11
INFO:ode: - 0.3582s: Finished simulation 12
INFO:ode: - 0.3852s: Finished simulation 13
INFO:ode: - 0.4121s: Finished simulation 14
INFO:ode: - 0.4396s: Finished simulation 15
INFO:ode: - 0.4667s: Finished simulation 16
INFO:ode: - 0.4938s: Finished simulation 17
INFO:ode: - 0.5210s: Finished simulation 18
INFO:ode: - 0.5483s: Finished simulation 19
INFO:ode: - 0.5756s: Finished simulation 20
INFO:ode: - 0.6029s: Finished simulation 21
INFO:ode: - 0.6302s: Finished simulation 22
INFO:ode: - 0.6574s: Finished simulation 23
INFO:ode: - 0.6854s: Finished simulation 24
INFO:ode: - 0.7138s: Finished simulation 25
INFO:ode: - 0.7426s: Finished simulation 26
INFO:ode: - 0.7706s: Finished simulation 27
INFO:ode: - 0.7983s: Finished simulation 28
INFO:ode: - 0.8311s: Finished simulation 29
INFO:ode: - 0.8592s: Finished simulation 30
INFO:ode: - 0.8870s: Finished simulation 31
INFO:ode: - 0.9151s: Finished simulation 32
INFO:ode: - 0.9430s: Finished simulation 33
INFO:ode: - 0.9707s: Finished simulation 34
INFO:ode: - 0.9982s: Finished simulation 35
INFO:ode: - 1.0257s: Finished simulation 36
INFO:ode: - 1.0534s: Finished simulation 37
INFO:ode: - 1.0810s: Finished simulation 38
INFO:ode: - 1.1087s: Finished simulation 39
INFO:ode: - 1.1480s: Finished simulation 40
INFO:ode: - 1.1840s: Finished simulation 41
INFO:ode: - 1.2114s: Finished simulation 42
INFO:ode: - 1.2441s: Finished simulation 43
INFO:ode: - 1.2729s: Finished simulation 44
INFO:ode: - 1.3002s: Finished simulation 45
INFO:ode: - 1.3274s: Finished simulation 46
INFO:ode: - 1.3549s: Finished simulation 47
INFO:ode: - 1.3822s: Finished simulation 48
INFO:ode: - 1.4092s: Finished simulation 49
INFO:ode: - 1.4369s: Finished simulation 50
INFO:ode: - 1.4648s: Finished simulation 51
INFO:ode: - 1.4922s: Finished simulation 52
INFO:ode: - 1.5202s: Finished simulation 53
INFO:ode: - 1.5475s: Finished simulation 54
INFO:ode: - 1.5755s: Finished simulation 55
INFO:ode: - 1.6025s: Finished simulation 56
INFO:ode: - 1.6295s: Finished simulation 57
INFO:ode: - 1.6567s: Finished simulation 58
INFO:ode: - 1.6843s: Finished simulation 59
INFO:ode: - 1.7116s: Finished simulation 60
INFO:ode: - 1.7385s: Finished simulation 61
INFO:ode: - 1.7658s: Finished simulation 62
INFO:ode: - 1.8012s: Finished simulation 63
INFO:ode: - 1.8385s: Finished simulation 64
INFO:ode: - 1.8739s: Finished simulation 65
INFO:ode: - 1.9016s: Finished simulation 66
INFO:ode: - 1.9348s: Finished simulation 67
INFO:ode: - 1.9624s: Finished simulation 68
INFO:ode: - 1.9914s: Finished simulation 69
INFO:ode: - 2.0201s: Finished simulation 70
INFO:ode: - 2.0472s: Finished simulation 71
INFO:ode: - 2.0739s: Finished simulation 72
INFO:ode: - 2.1012s: Finished simulation 73
INFO:ode: - 2.1277s: Finished simulation 74
INFO:ode: - 2.1544s: Finished simulation 75
INFO:ode: - 2.1811s: Finished simulation 76
INFO:ode: - 2.2076s: Finished simulation 77
INFO:ode: - 2.2346s: Finished simulation 78
INFO:ode: - 2.2615s: Finished simulation 79
INFO:ode: - 2.2881s: Finished simulation 80
INFO:ode: - 2.3147s: Finished simulation 81
INFO:ode: - 2.3414s: Finished simulation 82
INFO:ode: - 2.3682s: Finished simulation 83
INFO:ode: - 2.3953s: Finished simulation 84
INFO:ode: - 2.4217s: Finished simulation 85
INFO:ode: - 2.4482s: Finished simulation 86
INFO:ode: - 2.4749s: Finished simulation 87
INFO:ode: - 2.5017s: Finished simulation 88
INFO:ode: - 2.5313s: Finished simulation 89
INFO:ode: - 2.5582s: Finished simulation 90
INFO:ode: - 2.5851s: Finished simulation 91
INFO:ode: - 2.6117s: Finished simulation 92
INFO:ode: - 2.6383s: Finished simulation 93
INFO:ode: - 2.6652s: Finished simulation 94
INFO:ode: - 2.6926s: Finished simulation 95
INFO:ode: - 2.7196s: Finished simulation 96
INFO:ode: - 2.7466s: Finished simulation 97
INFO:ode: - 2.7736s: Finished simulation 98
INFO:ode: - 2.8008s: Finished simulation 99
INFO:ode: - 2.8277s: Finished simulation 100
INFO:ode: - 2.8547s: Finished simulation 101
INFO:ode: - 2.8819s: Finished simulation 102
INFO:ode: - 2.9088s: Finished simulation 103
INFO:ode: - 2.9362s: Finished simulation 104
INFO:ode: - 2.9633s: Finished simulation 105
INFO:ode: - 2.9901s: Finished simulation 106
INFO:ode: - 3.0168s: Finished simulation 107
INFO:ode: - 3.0437s: Finished simulation 108
INFO:ode: - 3.0705s: Finished simulation 109
INFO:ode: - 3.0974s: Finished simulation 110
INFO:ode: - 3.1242s: Finished simulation 111
INFO:ode: - 3.1512s: Finished simulation 112
INFO:ode: - 3.1780s: Finished simulation 113
INFO:ode: - 3.2052s: Finished simulation 114
INFO:ode: - 3.2322s: Finished simulation 115
INFO:ode: - 3.2593s: Finished simulation 116
INFO:ode: - 3.2862s: Finished simulation 117
INFO:ode: - 3.3130s: Finished simulation 118
INFO:ode: - 3.3399s: Finished simulation 119
INFO:ode: - 3.3668s: Finished simulation 120
INFO:ode: - 3.3939s: Finished simulation 121
INFO:ode: - 3.4211s: Finished simulation 122
INFO:ode: - 3.4484s: Finished simulation 123
INFO:ode: - 3.4756s: Finished simulation 124
INFO:ode: - 3.5027s: Finished simulation 125
INFO:ode: - 3.5297s: Finished simulation 126
INFO:ode: - 3.5569s: Finished simulation 127
INFO:ode: - 3.5839s: Finished simulation 128
INFO:ode: - 3.6108s: Finished simulation 129
INFO:ode: - 3.6375s: Finished simulation 130
INFO:ode: - 3.6647s: Finished simulation 131
INFO:ode: - 3.6915s: Finished simulation 132
INFO:ode: - 3.7184s: Finished simulation 133
INFO:ode: - 3.7455s: Finished simulation 134
INFO:ode: - 3.7729s: Finished simulation 135
INFO:ode: - 3.7997s: Finished simulation 136
INFO:ode: - 3.8269s: Finished simulation 137
INFO:ode: - 3.8540s: Finished simulation 138
INFO:ode: - 3.8813s: Finished simulation 139
INFO:ode: - 3.9081s: Finished simulation 140
INFO:ode: - 3.9351s: Finished simulation 141
INFO:ode: - 3.9624s: Finished simulation 142
INFO:ode: - 3.9895s: Finished simulation 143
INFO:ode: - 4.0167s: Finished simulation 144
INFO:ode: - 4.0435s: Finished simulation 145
INFO:ode: - 4.0720s: Finished simulation 146
INFO:ode: - 4.0998s: Finished simulation 147
INFO:ode: - 4.1303s: Finished simulation 148
INFO:ode: - 4.1611s: Finished simulation 149
INFO:ode: - 4.1919s: Finished simulation 150
INFO:ode: - 4.2193s: Finished simulation 151
INFO:ode: - 4.2459s: Finished simulation 152
INFO:ode: - 4.2733s: Finished simulation 153
INFO:ode: - 4.3017s: Finished simulation 154
INFO:ode: - 4.3312s: Finished simulation 155
INFO:ode: - 4.3593s: Finished simulation 156
INFO:ode: - 4.3887s: Finished simulation 157
INFO:ode: - 4.4161s: Finished simulation 158
INFO:ode: - 4.4429s: Finished simulation 159
INFO:ode: - 4.4694s: Finished simulation 160
INFO:ode: - 4.4965s: Finished simulation 161
INFO:ode: - 4.5230s: Finished simulation 162
INFO:ode: - 4.5497s: Finished simulation 163
INFO:ode: - 4.5766s: Finished simulation 164
INFO:ode: - 4.6033s: Finished simulation 165
INFO:ode: - 4.6312s: Finished simulation 166
INFO:ode: - 4.6615s: Finished simulation 167
INFO:ode: - 4.6892s: Finished simulation 168
INFO:ode: - 4.7199s: Finished simulation 169
INFO:ode: - 4.7573s: Finished simulation 170
INFO:ode: - 4.7875s: Finished simulation 171
INFO:ode: - 4.8170s: Finished simulation 172
INFO:ode: - 4.8439s: Finished simulation 173
INFO:ode: - 4.8710s: Finished simulation 174
INFO:ode: - 4.8980s: Finished simulation 175
INFO:ode: - 4.9248s: Finished simulation 176
INFO:ode: - 4.9516s: Finished simulation 177
INFO:ode: - 4.9783s: Finished simulation 178
INFO:ode: - 5.0050s: Finished simulation 179
INFO:ode: - 5.0316s: Finished simulation 180
INFO:ode: - 5.0586s: Finished simulation 181
INFO:ode: - 5.0853s: Finished simulation 182
INFO:ode: - 5.1177s: Finished simulation 183
INFO:ode: - 5.1506s: Finished simulation 184
INFO:ode: - 5.1785s: Finished simulation 185
INFO:ode: - 5.2078s: Finished simulation 186
INFO:ode: - 5.2362s: Finished simulation 187
INFO:ode: - 5.2634s: Finished simulation 188
INFO:ode: - 5.2903s: Finished simulation 189
INFO:ode: - 5.3173s: Finished simulation 190
INFO:ode: - 5.3440s: Finished simulation 191
INFO:ode: - 5.3714s: Finished simulation 192
INFO:ode: - 5.3992s: Finished simulation 193
INFO:ode: - 5.4272s: Finished simulation 194
INFO:ode: - 5.4553s: Finished simulation 195
INFO:ode: - 5.4831s: Finished simulation 196
INFO:ode: - 5.5118s: Finished simulation 197
INFO:ode: - 5.5394s: Finished simulation 198
INFO:ode: - 5.5668s: Finished simulation 199
INFO:ode: - 5.5938s: Finished simulation 200
INFO:ode: - 5.6210s: Finished simulation 201
INFO:ode: - 5.6478s: Finished simulation 202
INFO:ode: - 5.6752s: Finished simulation 203
INFO:ode: - 5.7035s: Finished simulation 204
INFO:ode: - 5.7318s: Finished simulation 205
INFO:ode: - 5.7596s: Finished simulation 206
INFO:ode: - 5.7890s: Finished simulation 207
INFO:ode: - 5.8190s: Finished simulation 208
INFO:ode: - 5.8486s: Finished simulation 209
INFO:ode: - 5.8798s: Finished simulation 210
INFO:ode: - 5.9098s: Finished simulation 211
INFO:ode: - 5.9408s: Finished simulation 212
INFO:ode: - 5.9726s: Finished simulation 213
INFO:ode: - 6.0015s: Finished simulation 214
INFO:ode: - 6.0302s: Finished simulation 215
INFO:ode: - 6.0588s: Finished simulation 216
INFO:ode: - 6.0874s: Finished simulation 217
INFO:ode: - 6.1153s: Finished simulation 218
INFO:ode: - 6.1431s: Finished simulation 219
INFO:ode: - 6.1776s: Finished simulation 220
INFO:ode: - 6.2152s: Finished simulation 221
INFO:ode: - 6.2432s: Finished simulation 222
INFO:ode: - 6.2704s: Finished simulation 223
INFO:ode: - 6.2977s: Finished simulation 224
INFO:ode: - 6.3247s: Finished simulation 225
INFO:ode: - 6.3517s: Finished simulation 226
INFO:ode: - 6.3791s: Finished simulation 227
INFO:ode: - 6.4061s: Finished simulation 228
INFO:ode: - 6.4339s: Finished simulation 229
INFO:ode: - 6.4612s: Finished simulation 230
INFO:ode: - 6.4881s: Finished simulation 231
INFO:ode: - 6.5153s: Finished simulation 232
INFO:ode: - 6.5421s: Finished simulation 233
INFO:ode: - 6.5690s: Finished simulation 234
INFO:ode: - 6.5959s: Finished simulation 235
INFO:ode: - 6.6234s: Finished simulation 236
INFO:ode: - 6.6505s: Finished simulation 237
INFO:ode: - 6.6781s: Finished simulation 238
INFO:ode: - 6.7057s: Finished simulation 239
INFO:ode: - 6.7331s: Finished simulation 240
INFO:ode: - 6.7611s: Finished simulation 241
INFO:ode: - 6.7890s: Finished simulation 242
INFO:ode: - 6.8172s: Finished simulation 243
INFO:ode: - 6.8562s: Finished simulation 244
INFO:ode: - 6.8929s: Finished simulation 245
INFO:ode: - 6.9210s: Finished simulation 246
INFO:ode: - 6.9488s: Finished simulation 247
INFO:ode: - 6.9763s: Finished simulation 248
INFO:ode: - 7.0032s: Finished simulation 249
INFO:ode: - 7.0306s: Finished simulation 250
INFO:ode: - 7.0575s: Finished simulation 251
INFO:ode: - 7.0847s: Finished simulation 252
INFO:ode: - 7.1118s: Finished simulation 253
INFO:ode: - 7.1390s: Finished simulation 254
INFO:ode: - 7.1662s: Finished simulation 255
INFO:ode: - 7.1932s: Finished simulation 256
INFO:ode: - 7.2209s: Finished simulation 257
INFO:ode: - 7.2479s: Finished simulation 258
INFO:ode: - 7.2754s: Finished simulation 259
INFO:ode: - 7.3022s: Finished simulation 260
INFO:ode: - 7.3292s: Finished simulation 261
INFO:ode: - 7.3561s: Finished simulation 262
INFO:ode: - 7.3834s: Finished simulation 263
INFO:ode: - 7.4107s: Finished simulation 264
INFO:ode: - 7.4375s: Finished simulation 265
INFO:ode: - 7.4647s: Finished simulation 266
INFO:ode: - 7.4916s: Finished simulation 267
INFO:ode: - 7.5187s: Finished simulation 268
INFO:ode: - 7.5455s: Finished simulation 269
INFO:ode: - 7.5730s: Finished simulation 270
INFO:ode: - 7.6000s: Finished simulation 271
INFO:ode: - 7.6270s: Finished simulation 272
INFO:ode: - 7.6545s: Finished simulation 273
INFO:ode: - 7.6816s: Finished simulation 274
INFO:ode: - 7.7087s: Finished simulation 275
INFO:ode: - 7.7363s: Finished simulation 276
INFO:ode: - 7.7639s: Finished simulation 277
INFO:ode: - 7.7909s: Finished simulation 278
INFO:ode: - 7.8179s: Finished simulation 279
INFO:ode: - 7.8452s: Finished simulation 280
INFO:ode: - 7.8725s: Finished simulation 281
INFO:ode: - 7.9000s: Finished simulation 282
INFO:ode: - 7.9271s: Finished simulation 283
INFO:ode: - 7.9544s: Finished simulation 284
INFO:ode: - 7.9817s: Finished simulation 285
INFO:ode: - 8.0089s: Finished simulation 286
INFO:ode: - 8.0356s: Finished simulation 287
INFO:ode: - 8.0629s: Finished simulation 288
INFO:ode: - 8.0897s: Finished simulation 289
INFO:ode: - 8.1175s: Finished simulation 290
INFO:ode: - 8.1443s: Finished simulation 291
INFO:ode: - 8.1714s: Finished simulation 292
INFO:ode: - 8.1984s: Finished simulation 293
INFO:ode: - 8.2256s: Finished simulation 294
INFO:ode: - 8.2529s: Finished simulation 295
INFO:ode: - 8.2801s: Finished simulation 296
INFO:ode: - 8.3072s: Finished simulation 297
INFO:ode: - 8.3345s: Finished simulation 298
INFO:ode: - 8.3621s: Finished simulation 299
INFO:ode: - 8.3894s: Finished simulation 300
INFO:ode: - 8.4168s: Finished simulation 301
INFO:ode: - 8.4443s: Finished simulation 302
INFO:ode: - 8.4716s: Finished simulation 303
INFO:ode: - 8.4988s: Finished simulation 304
INFO:ode: - 8.5260s: Finished simulation 305
INFO:ode: - 8.5531s: Finished simulation 306
INFO:ode: - 8.5807s: Finished simulation 307
INFO:ode: - 8.6081s: Finished simulation 308
INFO:ode: - 8.6355s: Finished simulation 309
INFO:ode: - 8.6628s: Finished simulation 310
INFO:ode: - 8.6908s: Finished simulation 311
INFO:ode: - 8.7179s: Finished simulation 312
INFO:ode: - 8.7455s: Finished simulation 313
INFO:ode: - 8.7731s: Finished simulation 314
INFO:ode: - 8.8001s: Finished simulation 315
INFO:ode: - 8.8272s: Finished simulation 316
INFO:ode: - 8.8542s: Finished simulation 317
INFO:ode: - 8.8814s: Finished simulation 318
INFO:ode: - 8.9084s: Finished simulation 319
INFO:ode: - 8.9357s: Finished simulation 320
INFO:ode: - 8.9630s: Finished simulation 321
INFO:ode: - 8.9901s: Finished simulation 322
INFO:ode: - 9.0171s: Finished simulation 323
INFO:ode: - 9.0442s: Finished simulation 324
INFO:ode: - 9.0717s: Finished simulation 325
INFO:ode: - 9.0986s: Finished simulation 326
INFO:ode: - 9.1258s: Finished simulation 327
INFO:ode: - 9.1527s: Finished simulation 328
INFO:ode: - 9.1800s: Finished simulation 329
INFO:ode: - 9.2071s: Finished simulation 330
INFO:ode: - 9.2365s: Finished simulation 331
INFO:ode: - 9.2642s: Finished simulation 332
INFO:ode: - 9.2941s: Finished simulation 333
INFO:ode: - 9.3229s: Finished simulation 334
INFO:ode: - 9.3513s: Finished simulation 335
INFO:ode: - 9.3805s: Finished simulation 336
INFO:ode: - 9.4088s: Finished simulation 337
INFO:ode: - 9.4383s: Finished simulation 338
INFO:ode: - 9.4657s: Finished simulation 339
INFO:ode: - 9.4957s: Finished simulation 340
INFO:ode: - 9.5241s: Finished simulation 341
INFO:ode: - 9.5527s: Finished simulation 342
INFO:ode: - 9.5825s: Finished simulation 343
INFO:ode: - 9.6112s: Finished simulation 344
INFO:ode: - 9.6411s: Finished simulation 345
INFO:ode: - 9.6701s: Finished simulation 346
INFO:ode: - 9.6993s: Finished simulation 347
INFO:ode: - 9.7294s: Finished simulation 348
INFO:ode: - 9.7635s: Finished simulation 349
INFO:ode: - 9.7921s: Finished simulation 350
INFO:ode: - 9.8219s: Finished simulation 351
INFO:ode: - 9.8493s: Finished simulation 352
INFO:ode: - 9.8781s: Finished simulation 353
INFO:ode: - 9.9072s: Finished simulation 354
INFO:ode: - 9.9356s: Finished simulation 355
INFO:ode: - 9.9652s: Finished simulation 356
INFO:ode: - 9.9938s: Finished simulation 357
INFO:ode: - 10.0239s: Finished simulation 358
INFO:ode: - 10.0518s: Finished simulation 359
INFO:ode: - 10.0807s: Finished simulation 360
INFO:ode: - 10.1100s: Finished simulation 361
INFO:ode: - 10.1392s: Finished simulation 362
INFO:ode: - 10.1686s: Finished simulation 363
INFO:ode: - 10.1957s: Finished simulation 364
INFO:ode: - 10.2225s: Finished simulation 365
INFO:ode: - 10.2498s: Finished simulation 366
INFO:ode: - 10.2770s: Finished simulation 367
INFO:ode: - 10.3068s: Finished simulation 368
INFO:ode: - 10.3360s: Finished simulation 369
INFO:ode: - 10.3657s: Finished simulation 370
INFO:ode: - 10.3937s: Finished simulation 371
INFO:ode: - 10.4236s: Finished simulation 372
INFO:ode: - 10.4523s: Finished simulation 373
INFO:ode: - 10.4808s: Finished simulation 374
INFO:ode: - 10.5106s: Finished simulation 375
INFO:ode: - 10.5397s: Finished simulation 376
INFO:ode: - 10.5696s: Finished simulation 377
INFO:ode: - 10.5975s: Finished simulation 378
INFO:ode: - 10.6272s: Finished simulation 379
INFO:ode: - 10.6548s: Finished simulation 380
INFO:ode: - 10.6845s: Finished simulation 381
INFO:ode: - 10.7119s: Finished simulation 382
INFO:ode: - 10.7416s: Finished simulation 383
INFO:ode: - 10.7712s: Finished simulation 384
INFO:ode: - 10.7995s: Finished simulation 385
INFO:ode: - 10.8292s: Finished simulation 386
INFO:ode: - 10.8577s: Finished simulation 387
INFO:ode: - 10.8868s: Finished simulation 388
INFO:ode: - 10.9161s: Finished simulation 389
INFO:ode: - 10.9451s: Finished simulation 390
INFO:ode: - 10.9747s: Finished simulation 391
INFO:ode: - 11.0040s: Finished simulation 392
INFO:ode: - 11.0371s: Finished simulation 393
INFO:ode: - 11.0676s: Finished simulation 394
INFO:ode: - 11.0965s: Finished simulation 395
INFO:ode: - 11.1272s: Finished simulation 396
INFO:ode: - 11.1584s: Finished simulation 397
INFO:ode: - 11.1945s: Finished simulation 398
INFO:ode: - 11.2382s: Finished simulation 399
INFO:ode: - 11.2758s: Finished simulation 400
INFO:ode: - 11.3062s: Finished simulation 401
INFO:ode: - 11.3356s: Finished simulation 402
INFO:ode: - 11.3724s: Finished simulation 403
INFO:ode: - 11.4047s: Finished simulation 404
INFO:ode: - 11.4339s: Finished simulation 405
INFO:ode: - 11.4621s: Finished simulation 406
INFO:ode: - 11.4893s: Finished simulation 407
INFO:ode: - 11.5165s: Finished simulation 408
INFO:ode: - 11.5433s: Finished simulation 409
INFO:ode: - 11.5707s: Finished simulation 410
INFO:ode: - 11.5976s: Finished simulation 411
INFO:ode: - 11.6280s: Finished simulation 412
INFO:ode: - 11.6556s: Finished simulation 413
INFO:ode: - 11.6833s: Finished simulation 414
INFO:ode: - 11.7107s: Finished simulation 415
INFO:ode: - 11.7390s: Finished simulation 416
INFO:ode: - 11.7675s: Finished simulation 417
INFO:ode: - 11.7960s: Finished simulation 418
INFO:ode: - 11.8251s: Finished simulation 419
INFO:ode: - 11.8549s: Finished simulation 420
INFO:ode: - 11.8921s: Finished simulation 421
INFO:ode: - 11.9333s: Finished simulation 422
INFO:ode: - 11.9638s: Finished simulation 423
INFO:ode: - 11.9930s: Finished simulation 424
INFO:ode: - 12.0220s: Finished simulation 425
INFO:ode: - 12.0504s: Finished simulation 426
INFO:ode: - 12.0807s: Finished simulation 427
INFO:ode: - 12.1104s: Finished simulation 428
INFO:ode: - 12.1442s: Finished simulation 429
INFO:ode: - 12.1732s: Finished simulation 430
INFO:ode: - 12.2018s: Finished simulation 431
INFO:ode: - 12.2295s: Finished simulation 432
INFO:ode: - 12.2578s: Finished simulation 433
INFO:ode: - 12.2856s: Finished simulation 434
INFO:ode: - 12.3134s: Finished simulation 435
INFO:ode: - 12.3414s: Finished simulation 436
INFO:ode: - 12.3705s: Finished simulation 437
INFO:ode: - 12.3997s: Finished simulation 438
INFO:ode: - 12.4280s: Finished simulation 439
INFO:ode: - 12.4558s: Finished simulation 440
INFO:ode: - 12.4855s: Finished simulation 441
INFO:ode: - 12.5131s: Finished simulation 442
INFO:ode: - 12.5418s: Finished simulation 443
INFO:ode: - 12.5733s: Finished simulation 444
INFO:ode: - 12.6019s: Finished simulation 445
INFO:ode: - 12.6308s: Finished simulation 446
INFO:ode: - 12.6587s: Finished simulation 447
INFO:ode: - 12.6870s: Finished simulation 448
INFO:ode: - 12.7159s: Finished simulation 449
INFO:ode: - 12.7442s: Finished simulation 450
INFO:ode: - 12.7728s: Finished simulation 451
INFO:ode: - 12.8012s: Finished simulation 452
INFO:ode: - 12.8296s: Finished simulation 453
INFO:ode: - 12.8567s: Finished simulation 454
INFO:ode: - 12.8842s: Finished simulation 455
INFO:ode: - 12.9122s: Finished simulation 456
INFO:ode: - 12.9418s: Finished simulation 457
INFO:ode: - 12.9707s: Finished simulation 458
INFO:ode: - 13.0033s: Finished simulation 459
INFO:ode: - 13.0314s: Finished simulation 460
INFO:ode: - 13.0613s: Finished simulation 461
INFO:ode: - 13.0895s: Finished simulation 462
INFO:ode: - 13.1177s: Finished simulation 463
INFO:ode: - 13.1456s: Finished simulation 464
INFO:ode: - 13.1737s: Finished simulation 465
INFO:ode: - 13.2018s: Finished simulation 466
INFO:ode: - 13.2305s: Finished simulation 467
INFO:ode: - 13.2576s: Finished simulation 468
INFO:ode: - 13.2866s: Finished simulation 469
INFO:ode: - 13.3147s: Finished simulation 470
INFO:ode: - 13.3443s: Finished simulation 471
INFO:ode: - 13.3723s: Finished simulation 472
INFO:ode: - 13.4018s: Finished simulation 473
INFO:ode: - 13.4306s: Finished simulation 474
INFO:ode: - 13.4576s: Finished simulation 475
INFO:ode: - 13.4849s: Finished simulation 476
INFO:ode: - 13.5123s: Finished simulation 477
INFO:ode: - 13.5404s: Finished simulation 478
INFO:ode: - 13.5683s: Finished simulation 479
INFO:ode: - 13.5970s: Finished simulation 480
INFO:ode: - 13.6252s: Finished simulation 481
INFO:ode: - 13.6524s: Finished simulation 482
INFO:ode: - 13.6793s: Finished simulation 483
INFO:ode: - 13.7067s: Finished simulation 484
INFO:ode: - 13.7338s: Finished simulation 485
INFO:ode: - 13.7607s: Finished simulation 486
INFO:ode: - 13.7882s: Finished simulation 487
INFO:ode: - 13.8168s: Finished simulation 488
INFO:ode: - 13.8434s: Finished simulation 489
INFO:ode: - 13.8708s: Finished simulation 490
INFO:ode: - 13.8981s: Finished simulation 491
INFO:ode: - 13.9271s: Finished simulation 492
INFO:ode: - 13.9571s: Finished simulation 493
INFO:ode: - 13.9854s: Finished simulation 494
INFO:ode: - 14.0159s: Finished simulation 495
INFO:ode: - 14.0435s: Finished simulation 496
INFO:ode: - 14.0721s: Finished simulation 497
INFO:ode: - 14.1015s: Finished simulation 498
INFO:ode: - 14.1306s: Finished simulation 499
INFO:ode:Finished in 14.4161s
INFO:gillespie:Model: Gillespie, Samples: 500, Domain: Two Cell
INFO:gillespie: - 0.1798s: Finished simulation 0
INFO:gillespie: - 0.3517s: Finished simulation 1
INFO:gillespie: - 0.5126s: Finished simulation 2
INFO:gillespie: - 0.6749s: Finished simulation 3
INFO:gillespie: - 0.8363s: Finished simulation 4
INFO:gillespie: - 0.9967s: Finished simulation 5
INFO:gillespie: - 1.1546s: Finished simulation 6
INFO:gillespie: - 1.3111s: Finished simulation 7
INFO:gillespie: - 1.4864s: Finished simulation 8
INFO:gillespie: - 1.6591s: Finished simulation 9
INFO:gillespie: - 1.8219s: Finished simulation 10
INFO:gillespie: - 1.9998s: Finished simulation 11
INFO:gillespie: - 2.1679s: Finished simulation 12
INFO:gillespie: - 2.3356s: Finished simulation 13
INFO:gillespie: - 2.5014s: Finished simulation 14
INFO:gillespie: - 2.6794s: Finished simulation 15
INFO:gillespie: - 2.8392s: Finished simulation 16
INFO:gillespie: - 2.9973s: Finished simulation 17
INFO:gillespie: - 3.1553s: Finished simulation 18
INFO:gillespie: - 3.3130s: Finished simulation 19
INFO:gillespie: - 3.4684s: Finished simulation 20
INFO:gillespie: - 3.6254s: Finished simulation 21
INFO:gillespie: - 3.7869s: Finished simulation 22
INFO:gillespie: - 3.9437s: Finished simulation 23
INFO:gillespie: - 4.1044s: Finished simulation 24
INFO:gillespie: - 4.2632s: Finished simulation 25
INFO:gillespie: - 4.4249s: Finished simulation 26
INFO:gillespie: - 4.5828s: Finished simulation 27
INFO:gillespie: - 4.7397s: Finished simulation 28
INFO:gillespie: - 4.8997s: Finished simulation 29
INFO:gillespie: - 5.0630s: Finished simulation 30
INFO:gillespie: - 5.2350s: Finished simulation 31
INFO:gillespie: - 5.4064s: Finished simulation 32
INFO:gillespie: - 5.5690s: Finished simulation 33
INFO:gillespie: - 5.7251s: Finished simulation 34
INFO:gillespie: - 5.8787s: Finished simulation 35
INFO:gillespie: - 6.0340s: Finished simulation 36
INFO:gillespie: - 6.1918s: Finished simulation 37
INFO:gillespie: - 6.3486s: Finished simulation 38
INFO:gillespie: - 6.5034s: Finished simulation 39
INFO:gillespie: - 6.6612s: Finished simulation 40
INFO:gillespie: - 6.8202s: Finished simulation 41
INFO:gillespie: - 7.0025s: Finished simulation 42
INFO:gillespie: - 7.1642s: Finished simulation 43
INFO:gillespie: - 7.3204s: Finished simulation 44
INFO:gillespie: - 7.4804s: Finished simulation 45
INFO:gillespie: - 7.6614s: Finished simulation 46
INFO:gillespie: - 7.8195s: Finished simulation 47
INFO:gillespie: - 7.9760s: Finished simulation 48
INFO:gillespie: - 8.1313s: Finished simulation 49
INFO:gillespie: - 8.2894s: Finished simulation 50
INFO:gillespie: - 8.4424s: Finished simulation 51
INFO:gillespie: - 8.6000s: Finished simulation 52
INFO:gillespie: - 8.7556s: Finished simulation 53
INFO:gillespie: - 8.9148s: Finished simulation 54
INFO:gillespie: - 9.0690s: Finished simulation 55
INFO:gillespie: - 9.2262s: Finished simulation 56
INFO:gillespie: - 9.3826s: Finished simulation 57
INFO:gillespie: - 9.5369s: Finished simulation 58
INFO:gillespie: - 9.6898s: Finished simulation 59
INFO:gillespie: - 9.8481s: Finished simulation 60
INFO:gillespie: - 10.0044s: Finished simulation 61
INFO:gillespie: - 10.1604s: Finished simulation 62
INFO:gillespie: - 10.3173s: Finished simulation 63
INFO:gillespie: - 10.4730s: Finished simulation 64
INFO:gillespie: - 10.6293s: Finished simulation 65
INFO:gillespie: - 10.7811s: Finished simulation 66
INFO:gillespie: - 10.9357s: Finished simulation 67
INFO:gillespie: - 11.0926s: Finished simulation 68
INFO:gillespie: - 11.2506s: Finished simulation 69
INFO:gillespie: - 11.4048s: Finished simulation 70
INFO:gillespie: - 11.5612s: Finished simulation 71
INFO:gillespie: - 11.7182s: Finished simulation 72
INFO:gillespie: - 11.8733s: Finished simulation 73
INFO:gillespie: - 12.0527s: Finished simulation 74
INFO:gillespie: - 12.2157s: Finished simulation 75
INFO:gillespie: - 12.3765s: Finished simulation 76
INFO:gillespie: - 12.5378s: Finished simulation 77
INFO:gillespie: - 12.7215s: Finished simulation 78
INFO:gillespie: - 12.8887s: Finished simulation 79
INFO:gillespie: - 13.0533s: Finished simulation 80
INFO:gillespie: - 13.2164s: Finished simulation 81
INFO:gillespie: - 13.3785s: Finished simulation 82
INFO:gillespie: - 13.5488s: Finished simulation 83
INFO:gillespie: - 13.7174s: Finished simulation 84
INFO:gillespie: - 13.8858s: Finished simulation 85
INFO:gillespie: - 14.0432s: Finished simulation 86
INFO:gillespie: - 14.1978s: Finished simulation 87
INFO:gillespie: - 14.3518s: Finished simulation 88
INFO:gillespie: - 14.5079s: Finished simulation 89
INFO:gillespie: - 14.6640s: Finished simulation 90
INFO:gillespie: - 14.8188s: Finished simulation 91
INFO:gillespie: - 14.9751s: Finished simulation 92
INFO:gillespie: - 15.1320s: Finished simulation 93
INFO:gillespie: - 15.2890s: Finished simulation 94
INFO:gillespie: - 15.4444s: Finished simulation 95
INFO:gillespie: - 15.6015s: Finished simulation 96
INFO:gillespie: - 15.7560s: Finished simulation 97
INFO:gillespie: - 15.9124s: Finished simulation 98
INFO:gillespie: - 16.0706s: Finished simulation 99
INFO:gillespie: - 16.2307s: Finished simulation 100
INFO:gillespie: - 16.3919s: Finished simulation 101
INFO:gillespie: - 16.5564s: Finished simulation 102
INFO:gillespie: - 16.7225s: Finished simulation 103
INFO:gillespie: - 16.8872s: Finished simulation 104
INFO:gillespie: - 17.1001s: Finished simulation 105
INFO:gillespie: - 17.3037s: Finished simulation 106
INFO:gillespie: - 17.4898s: Finished simulation 107
INFO:gillespie: - 17.6568s: Finished simulation 108
INFO:gillespie: - 17.8600s: Finished simulation 109
INFO:gillespie: - 18.0293s: Finished simulation 110
INFO:gillespie: - 18.1878s: Finished simulation 111
INFO:gillespie: - 18.3487s: Finished simulation 112
INFO:gillespie: - 18.5035s: Finished simulation 113
INFO:gillespie: - 18.6621s: Finished simulation 114
INFO:gillespie: - 18.8185s: Finished simulation 115
INFO:gillespie: - 18.9733s: Finished simulation 116
INFO:gillespie: - 19.1287s: Finished simulation 117
INFO:gillespie: - 19.2868s: Finished simulation 118
INFO:gillespie: - 19.4436s: Finished simulation 119
INFO:gillespie: - 19.6005s: Finished simulation 120
INFO:gillespie: - 19.7553s: Finished simulation 121
INFO:gillespie: - 19.9116s: Finished simulation 122
INFO:gillespie: - 20.0669s: Finished simulation 123
INFO:gillespie: - 20.2247s: Finished simulation 124
INFO:gillespie: - 20.3801s: Finished simulation 125
INFO:gillespie: - 20.5389s: Finished simulation 126
INFO:gillespie: - 20.6922s: Finished simulation 127
INFO:gillespie: - 20.8482s: Finished simulation 128
INFO:gillespie: - 21.0037s: Finished simulation 129
INFO:gillespie: - 21.1590s: Finished simulation 130
INFO:gillespie: - 21.3169s: Finished simulation 131
INFO:gillespie: - 21.4736s: Finished simulation 132
INFO:gillespie: - 21.6306s: Finished simulation 133
INFO:gillespie: - 21.7884s: Finished simulation 134
INFO:gillespie: - 21.9462s: Finished simulation 135
INFO:gillespie: - 22.1210s: Finished simulation 136
INFO:gillespie: - 22.2844s: Finished simulation 137
INFO:gillespie: - 22.4435s: Finished simulation 138
INFO:gillespie: - 22.6016s: Finished simulation 139
INFO:gillespie: - 22.7673s: Finished simulation 140
INFO:gillespie: - 22.9343s: Finished simulation 141
INFO:gillespie: - 23.0930s: Finished simulation 142
INFO:gillespie: - 23.2512s: Finished simulation 143
INFO:gillespie: - 23.4044s: Finished simulation 144
INFO:gillespie: - 23.5640s: Finished simulation 145
INFO:gillespie: - 23.7217s: Finished simulation 146
INFO:gillespie: - 23.8807s: Finished simulation 147
INFO:gillespie: - 24.0507s: Finished simulation 148
INFO:gillespie: - 24.2306s: Finished simulation 149
INFO:gillespie: - 24.3974s: Finished simulation 150
INFO:gillespie: - 24.5506s: Finished simulation 151
INFO:gillespie: - 24.7078s: Finished simulation 152
INFO:gillespie: - 24.8751s: Finished simulation 153
INFO:gillespie: - 25.0418s: Finished simulation 154
INFO:gillespie: - 25.2035s: Finished simulation 155
INFO:gillespie: - 25.3700s: Finished simulation 156
INFO:gillespie: - 25.5371s: Finished simulation 157
INFO:gillespie: - 25.6984s: Finished simulation 158
INFO:gillespie: - 25.8636s: Finished simulation 159
INFO:gillespie: - 26.0274s: Finished simulation 160
INFO:gillespie: - 26.1857s: Finished simulation 161
INFO:gillespie: - 26.3461s: Finished simulation 162
INFO:gillespie: - 26.5109s: Finished simulation 163
INFO:gillespie: - 26.7290s: Finished simulation 164
INFO:gillespie: - 26.9448s: Finished simulation 165
INFO:gillespie: - 27.1103s: Finished simulation 166
INFO:gillespie: - 27.2926s: Finished simulation 167
INFO:gillespie: - 27.4529s: Finished simulation 168
INFO:gillespie: - 27.6077s: Finished simulation 169
INFO:gillespie: - 27.7656s: Finished simulation 170
INFO:gillespie: - 27.9426s: Finished simulation 171
INFO:gillespie: - 28.1174s: Finished simulation 172
INFO:gillespie: - 28.2802s: Finished simulation 173
INFO:gillespie: - 28.4391s: Finished simulation 174
INFO:gillespie: - 28.5951s: Finished simulation 175
INFO:gillespie: - 28.7525s: Finished simulation 176
INFO:gillespie: - 28.9040s: Finished simulation 177
INFO:gillespie: - 29.0604s: Finished simulation 178
INFO:gillespie: - 29.2159s: Finished simulation 179
INFO:gillespie: - 29.3708s: Finished simulation 180
INFO:gillespie: - 29.5279s: Finished simulation 181
INFO:gillespie: - 29.6840s: Finished simulation 182
INFO:gillespie: - 29.8393s: Finished simulation 183
INFO:gillespie: - 29.9935s: Finished simulation 184
INFO:gillespie: - 30.1493s: Finished simulation 185
INFO:gillespie: - 30.3072s: Finished simulation 186
INFO:gillespie: - 30.4655s: Finished simulation 187
INFO:gillespie: - 30.6198s: Finished simulation 188
INFO:gillespie: - 30.7742s: Finished simulation 189
INFO:gillespie: - 30.9293s: Finished simulation 190
INFO:gillespie: - 31.0828s: Finished simulation 191
INFO:gillespie: - 31.2413s: Finished simulation 192
INFO:gillespie: - 31.3953s: Finished simulation 193
INFO:gillespie: - 31.5557s: Finished simulation 194
INFO:gillespie: - 31.7134s: Finished simulation 195
INFO:gillespie: - 31.8682s: Finished simulation 196
INFO:gillespie: - 32.0244s: Finished simulation 197
INFO:gillespie: - 32.1920s: Finished simulation 198
INFO:gillespie: - 32.3581s: Finished simulation 199
INFO:gillespie: - 32.5143s: Finished simulation 200
INFO:gillespie: - 32.6664s: Finished simulation 201
INFO:gillespie: - 32.8227s: Finished simulation 202
INFO:gillespie: - 33.0011s: Finished simulation 203
INFO:gillespie: - 33.1640s: Finished simulation 204
INFO:gillespie: - 33.3218s: Finished simulation 205
INFO:gillespie: - 33.4777s: Finished simulation 206
INFO:gillespie: - 33.6358s: Finished simulation 207
INFO:gillespie: - 33.7917s: Finished simulation 208
INFO:gillespie: - 33.9476s: Finished simulation 209
INFO:gillespie: - 34.1043s: Finished simulation 210
INFO:gillespie: - 34.2595s: Finished simulation 211
INFO:gillespie: - 34.4193s: Finished simulation 212
INFO:gillespie: - 34.5751s: Finished simulation 213
INFO:gillespie: - 34.7291s: Finished simulation 214
INFO:gillespie: - 34.8842s: Finished simulation 215
INFO:gillespie: - 35.0389s: Finished simulation 216
INFO:gillespie: - 35.1940s: Finished simulation 217
INFO:gillespie: - 35.3503s: Finished simulation 218
INFO:gillespie: - 35.5068s: Finished simulation 219
INFO:gillespie: - 35.6622s: Finished simulation 220
INFO:gillespie: - 35.8161s: Finished simulation 221
INFO:gillespie: - 35.9779s: Finished simulation 222
INFO:gillespie: - 36.1369s: Finished simulation 223
INFO:gillespie: - 36.2973s: Finished simulation 224
INFO:gillespie: - 36.4621s: Finished simulation 225
INFO:gillespie: - 36.6188s: Finished simulation 226
INFO:gillespie: - 36.7815s: Finished simulation 227
INFO:gillespie: - 36.9469s: Finished simulation 228
INFO:gillespie: - 37.1121s: Finished simulation 229
INFO:gillespie: - 37.2943s: Finished simulation 230
INFO:gillespie: - 37.4616s: Finished simulation 231
INFO:gillespie: - 37.6253s: Finished simulation 232
INFO:gillespie: - 37.7924s: Finished simulation 233
INFO:gillespie: - 37.9800s: Finished simulation 234
INFO:gillespie: - 38.1430s: Finished simulation 235
INFO:gillespie: - 38.3065s: Finished simulation 236
INFO:gillespie: - 38.4691s: Finished simulation 237
INFO:gillespie: - 38.6317s: Finished simulation 238
INFO:gillespie: - 38.7930s: Finished simulation 239
INFO:gillespie: - 38.9507s: Finished simulation 240
INFO:gillespie: - 39.1046s: Finished simulation 241
INFO:gillespie: - 39.2593s: Finished simulation 242
INFO:gillespie: - 39.4125s: Finished simulation 243
INFO:gillespie: - 39.5680s: Finished simulation 244
INFO:gillespie: - 39.7220s: Finished simulation 245
INFO:gillespie: - 39.8782s: Finished simulation 246
INFO:gillespie: - 40.0343s: Finished simulation 247
INFO:gillespie: - 40.1889s: Finished simulation 248
INFO:gillespie: - 40.3434s: Finished simulation 249
INFO:gillespie: - 40.4987s: Finished simulation 250
INFO:gillespie: - 40.6544s: Finished simulation 251
INFO:gillespie: - 40.8098s: Finished simulation 252
INFO:gillespie: - 40.9666s: Finished simulation 253
INFO:gillespie: - 41.1233s: Finished simulation 254
INFO:gillespie: - 41.2766s: Finished simulation 255
INFO:gillespie: - 41.4307s: Finished simulation 256
INFO:gillespie: - 41.5897s: Finished simulation 257
INFO:gillespie: - 41.7445s: Finished simulation 258
INFO:gillespie: - 41.8990s: Finished simulation 259
INFO:gillespie: - 42.0568s: Finished simulation 260
INFO:gillespie: - 42.2158s: Finished simulation 261
INFO:gillespie: - 42.3910s: Finished simulation 262
INFO:gillespie: - 42.5458s: Finished simulation 263
INFO:gillespie: - 42.6987s: Finished simulation 264
INFO:gillespie: - 42.8529s: Finished simulation 265
INFO:gillespie: - 43.0320s: Finished simulation 266
INFO:gillespie: - 43.1915s: Finished simulation 267
INFO:gillespie: - 43.3480s: Finished simulation 268
INFO:gillespie: - 43.5034s: Finished simulation 269
INFO:gillespie: - 43.6612s: Finished simulation 270
INFO:gillespie: - 43.8180s: Finished simulation 271
INFO:gillespie: - 43.9749s: Finished simulation 272
INFO:gillespie: - 44.1326s: Finished simulation 273
INFO:gillespie: - 44.2886s: Finished simulation 274
INFO:gillespie: - 44.4443s: Finished simulation 275
INFO:gillespie: - 44.6010s: Finished simulation 276
INFO:gillespie: - 44.7591s: Finished simulation 277
INFO:gillespie: - 44.9164s: Finished simulation 278
INFO:gillespie: - 45.0812s: Finished simulation 279
INFO:gillespie: - 45.2451s: Finished simulation 280
INFO:gillespie: - 45.4084s: Finished simulation 281
INFO:gillespie: - 45.5749s: Finished simulation 282
INFO:gillespie: - 45.7417s: Finished simulation 283
INFO:gillespie: - 45.9066s: Finished simulation 284
INFO:gillespie: - 46.0691s: Finished simulation 285
INFO:gillespie: - 46.2307s: Finished simulation 286
INFO:gillespie: - 46.3864s: Finished simulation 287
INFO:gillespie: - 46.5539s: Finished simulation 288
INFO:gillespie: - 46.7132s: Finished simulation 289
INFO:gillespie: - 46.8782s: Finished simulation 290
INFO:gillespie: - 47.0425s: Finished simulation 291
INFO:gillespie: - 47.1964s: Finished simulation 292
INFO:gillespie: - 47.3720s: Finished simulation 293
INFO:gillespie: - 47.5297s: Finished simulation 294
INFO:gillespie: - 47.6880s: Finished simulation 295
INFO:gillespie: - 47.8519s: Finished simulation 296
INFO:gillespie: - 48.0192s: Finished simulation 297
INFO:gillespie: - 48.1795s: Finished simulation 298
INFO:gillespie: - 48.3388s: Finished simulation 299
INFO:gillespie: - 48.4969s: Finished simulation 300
INFO:gillespie: - 48.6500s: Finished simulation 301
INFO:gillespie: - 48.8049s: Finished simulation 302
INFO:gillespie: - 48.9617s: Finished simulation 303
INFO:gillespie: - 49.1185s: Finished simulation 304
INFO:gillespie: - 49.2740s: Finished simulation 305
INFO:gillespie: - 49.4291s: Finished simulation 306
INFO:gillespie: - 49.5847s: Finished simulation 307
INFO:gillespie: - 49.7409s: Finished simulation 308
INFO:gillespie: - 49.8973s: Finished simulation 309
INFO:gillespie: - 50.0542s: Finished simulation 310
INFO:gillespie: - 50.2083s: Finished simulation 311
INFO:gillespie: - 50.3607s: Finished simulation 312
INFO:gillespie: - 50.5175s: Finished simulation 313
INFO:gillespie: - 50.6719s: Finished simulation 314
INFO:gillespie: - 50.8290s: Finished simulation 315
INFO:gillespie: - 50.9874s: Finished simulation 316
INFO:gillespie: - 51.1436s: Finished simulation 317
INFO:gillespie: - 51.3004s: Finished simulation 318
INFO:gillespie: - 51.4540s: Finished simulation 319
INFO:gillespie: - 51.6087s: Finished simulation 320
INFO:gillespie: - 51.7650s: Finished simulation 321
INFO:gillespie: - 51.9247s: Finished simulation 322
INFO:gillespie: - 52.0780s: Finished simulation 323
INFO:gillespie: - 52.2436s: Finished simulation 324
INFO:gillespie: - 52.4272s: Finished simulation 325
INFO:gillespie: - 52.6085s: Finished simulation 326
INFO:gillespie: - 52.7737s: Finished simulation 327
INFO:gillespie: - 52.9343s: Finished simulation 328
INFO:gillespie: - 53.1149s: Finished simulation 329
INFO:gillespie: - 53.2829s: Finished simulation 330
INFO:gillespie: - 53.4495s: Finished simulation 331
INFO:gillespie: - 53.6089s: Finished simulation 332
INFO:gillespie: - 53.7710s: Finished simulation 333
INFO:gillespie: - 53.9313s: Finished simulation 334
INFO:gillespie: - 54.0931s: Finished simulation 335
INFO:gillespie: - 54.2487s: Finished simulation 336
INFO:gillespie: - 54.4064s: Finished simulation 337
INFO:gillespie: - 54.5623s: Finished simulation 338
INFO:gillespie: - 54.7314s: Finished simulation 339
INFO:gillespie: - 54.8976s: Finished simulation 340
INFO:gillespie: - 55.0625s: Finished simulation 341
INFO:gillespie: - 55.2158s: Finished simulation 342
INFO:gillespie: - 55.3740s: Finished simulation 343
INFO:gillespie: - 55.5371s: Finished simulation 344
INFO:gillespie: - 55.7023s: Finished simulation 345
INFO:gillespie: - 55.8672s: Finished simulation 346
INFO:gillespie: - 56.0337s: Finished simulation 347
INFO:gillespie: - 56.1943s: Finished simulation 348
INFO:gillespie: - 56.3573s: Finished simulation 349
INFO:gillespie: - 56.5167s: Finished simulation 350
INFO:gillespie: - 56.6757s: Finished simulation 351
INFO:gillespie: - 56.8399s: Finished simulation 352
INFO:gillespie: - 56.9999s: Finished simulation 353
INFO:gillespie: - 57.1569s: Finished simulation 354
INFO:gillespie: - 57.3230s: Finished simulation 355
INFO:gillespie: - 57.5095s: Finished simulation 356
INFO:gillespie: - 57.6777s: Finished simulation 357
INFO:gillespie: - 57.8420s: Finished simulation 358
INFO:gillespie: - 57.9980s: Finished simulation 359
INFO:gillespie: - 58.1717s: Finished simulation 360
INFO:gillespie: - 58.3315s: Finished simulation 361
INFO:gillespie: - 58.4877s: Finished simulation 362
INFO:gillespie: - 58.6411s: Finished simulation 363
INFO:gillespie: - 58.7954s: Finished simulation 364
INFO:gillespie: - 58.9505s: Finished simulation 365
INFO:gillespie: - 59.1062s: Finished simulation 366
INFO:gillespie: - 59.2628s: Finished simulation 367
INFO:gillespie: - 59.4169s: Finished simulation 368
INFO:gillespie: - 59.5746s: Finished simulation 369
INFO:gillespie: - 59.7297s: Finished simulation 370
INFO:gillespie: - 59.8849s: Finished simulation 371
INFO:gillespie: - 60.0430s: Finished simulation 372
INFO:gillespie: - 60.1994s: Finished simulation 373
INFO:gillespie: - 60.3561s: Finished simulation 374
INFO:gillespie: - 60.5121s: Finished simulation 375
INFO:gillespie: - 60.6664s: Finished simulation 376
INFO:gillespie: - 60.8233s: Finished simulation 377
INFO:gillespie: - 60.9806s: Finished simulation 378
INFO:gillespie: - 61.1440s: Finished simulation 379
INFO:gillespie: - 61.3022s: Finished simulation 380
INFO:gillespie: - 61.4581s: Finished simulation 381
INFO:gillespie: - 61.6172s: Finished simulation 382
INFO:gillespie: - 61.7875s: Finished simulation 383
INFO:gillespie: - 61.9599s: Finished simulation 384
INFO:gillespie: - 62.1219s: Finished simulation 385
INFO:gillespie: - 62.2789s: Finished simulation 386
INFO:gillespie: - 62.4389s: Finished simulation 387
INFO:gillespie: - 62.6139s: Finished simulation 388
INFO:gillespie: - 62.7769s: Finished simulation 389
INFO:gillespie: - 62.9401s: Finished simulation 390
INFO:gillespie: - 63.1016s: Finished simulation 391
INFO:gillespie: - 63.2866s: Finished simulation 392
INFO:gillespie: - 63.4554s: Finished simulation 393
INFO:gillespie: - 63.6206s: Finished simulation 394
INFO:gillespie: - 63.7935s: Finished simulation 395
INFO:gillespie: - 63.9486s: Finished simulation 396
INFO:gillespie: - 64.1102s: Finished simulation 397
INFO:gillespie: - 64.2692s: Finished simulation 398
INFO:gillespie: - 64.4298s: Finished simulation 399
INFO:gillespie: - 64.5918s: Finished simulation 400
INFO:gillespie: - 64.7494s: Finished simulation 401
INFO:gillespie: - 64.9032s: Finished simulation 402
INFO:gillespie: - 65.0610s: Finished simulation 403
INFO:gillespie: - 65.2152s: Finished simulation 404
INFO:gillespie: - 65.3729s: Finished simulation 405
INFO:gillespie: - 65.5316s: Finished simulation 406
INFO:gillespie: - 65.6873s: Finished simulation 407
INFO:gillespie: - 65.8425s: Finished simulation 408
INFO:gillespie: - 65.9952s: Finished simulation 409
INFO:gillespie: - 66.1552s: Finished simulation 410
INFO:gillespie: - 66.3115s: Finished simulation 411
INFO:gillespie: - 66.4664s: Finished simulation 412
INFO:gillespie: - 66.6282s: Finished simulation 413
INFO:gillespie: - 66.7873s: Finished simulation 414
INFO:gillespie: - 66.9425s: Finished simulation 415
INFO:gillespie: - 67.0997s: Finished simulation 416
INFO:gillespie: - 67.2539s: Finished simulation 417
INFO:gillespie: - 67.4098s: Finished simulation 418
INFO:gillespie: - 67.5929s: Finished simulation 419
INFO:gillespie: - 67.7568s: Finished simulation 420
INFO:gillespie: - 67.9122s: Finished simulation 421
INFO:gillespie: - 68.0671s: Finished simulation 422
INFO:gillespie: - 68.2390s: Finished simulation 423
INFO:gillespie: - 68.4138s: Finished simulation 424
INFO:gillespie: - 68.5739s: Finished simulation 425
INFO:gillespie: - 68.7313s: Finished simulation 426
INFO:gillespie: - 68.8925s: Finished simulation 427
INFO:gillespie: - 69.0525s: Finished simulation 428
INFO:gillespie: - 69.2140s: Finished simulation 429
INFO:gillespie: - 69.3780s: Finished simulation 430
INFO:gillespie: - 69.5436s: Finished simulation 431
INFO:gillespie: - 69.7009s: Finished simulation 432
INFO:gillespie: - 69.8607s: Finished simulation 433
INFO:gillespie: - 70.0158s: Finished simulation 434
INFO:gillespie: - 70.1796s: Finished simulation 435
INFO:gillespie: - 70.3394s: Finished simulation 436
INFO:gillespie: - 70.4957s: Finished simulation 437
INFO:gillespie: - 70.6497s: Finished simulation 438
INFO:gillespie: - 70.8036s: Finished simulation 439
INFO:gillespie: - 70.9598s: Finished simulation 440
INFO:gillespie: - 71.1179s: Finished simulation 441
INFO:gillespie: - 71.2763s: Finished simulation 442
INFO:gillespie: - 71.4322s: Finished simulation 443
INFO:gillespie: - 71.5848s: Finished simulation 444
INFO:gillespie: - 71.7377s: Finished simulation 445
INFO:gillespie: - 71.8948s: Finished simulation 446
INFO:gillespie: - 72.0503s: Finished simulation 447
INFO:gillespie: - 72.2065s: Finished simulation 448
INFO:gillespie: - 72.3668s: Finished simulation 449
INFO:gillespie: - 72.5215s: Finished simulation 450
INFO:gillespie: - 72.6999s: Finished simulation 451
INFO:gillespie: - 72.8598s: Finished simulation 452
INFO:gillespie: - 73.0210s: Finished simulation 453
INFO:gillespie: - 73.1810s: Finished simulation 454
INFO:gillespie: - 73.3679s: Finished simulation 455
INFO:gillespie: - 73.5274s: Finished simulation 456
INFO:gillespie: - 73.6895s: Finished simulation 457
INFO:gillespie: - 73.8497s: Finished simulation 458
INFO:gillespie: - 74.0039s: Finished simulation 459
INFO:gillespie: - 74.1599s: Finished simulation 460
INFO:gillespie: - 74.3195s: Finished simulation 461
INFO:gillespie: - 74.4735s: Finished simulation 462
INFO:gillespie: - 74.6285s: Finished simulation 463
INFO:gillespie: - 74.7868s: Finished simulation 464
INFO:gillespie: - 74.9389s: Finished simulation 465
INFO:gillespie: - 75.0937s: Finished simulation 466
INFO:gillespie: - 75.2491s: Finished simulation 467
INFO:gillespie: - 75.4039s: Finished simulation 468
INFO:gillespie: - 75.5611s: Finished simulation 469
INFO:gillespie: - 75.7179s: Finished simulation 470
INFO:gillespie: - 75.8715s: Finished simulation 471
INFO:gillespie: - 76.0264s: Finished simulation 472
INFO:gillespie: - 76.1810s: Finished simulation 473
INFO:gillespie: - 76.3448s: Finished simulation 474
INFO:gillespie: - 76.5114s: Finished simulation 475
INFO:gillespie: - 76.7517s: Finished simulation 476
INFO:gillespie: - 77.0136s: Finished simulation 477
INFO:gillespie: - 77.2219s: Finished simulation 478
INFO:gillespie: - 77.3690s: Finished simulation 479
INFO:gillespie: - 77.5005s: Finished simulation 480
INFO:gillespie: - 77.6583s: Finished simulation 481
INFO:gillespie: - 77.8129s: Finished simulation 482
INFO:gillespie: - 77.9402s: Finished simulation 483
INFO:gillespie: - 78.1772s: Finished simulation 484
INFO:gillespie: - 78.3235s: Finished simulation 485
INFO:gillespie: - 78.4659s: Finished simulation 486
INFO:gillespie: - 78.6126s: Finished simulation 487
INFO:gillespie: - 78.7412s: Finished simulation 488
INFO:gillespie: - 78.8573s: Finished simulation 489
INFO:gillespie: - 78.9704s: Finished simulation 490
INFO:gillespie: - 79.0855s: Finished simulation 491
INFO:gillespie: - 79.2044s: Finished simulation 492
INFO:gillespie: - 79.3228s: Finished simulation 493
INFO:gillespie: - 79.4425s: Finished simulation 494
INFO:gillespie: - 79.5622s: Finished simulation 495
INFO:gillespie: - 79.6841s: Finished simulation 496
INFO:gillespie: - 79.8005s: Finished simulation 497
INFO:gillespie: - 79.9139s: Finished simulation 498
INFO:gillespie: - 80.0303s: Finished simulation 499
INFO:gillespie:Finished in 80.6761s
